Starting Bashdoro at Wed Jun 11 03:48:05 PM IST 2025
[H[2JWelcome to Bashdoro!
Select a timer configuration:
1) 25 min work / 5 min break (default)
2) 50 min work / 10 min break
3) Custom durations
Enter your choice (1-3): Invalid choice. Using default 25/5.
Invalid choice. Using default 25/5.
[H[2J[?25l[H[2J






















                                                                                         [36mâ”â”â”â”â”â”â”â”â”â”â”â”â”â”â”â”â”â”â”â”â”â”â”â”â”â”â”â”â”â”â”â”â”â”â”â”â”â”â”â”â”â”â”â”â”â”â”â”â”“(B[m                                                                                         
                                                                                           [36mâ”ƒ            Bashdoro: Pomodoro             â”ƒ(B[m                                                                                           
                                                                                         [36mâ”—â”â”â”â”â”â”â”â”â”â”â”â”â”â”â”â”â”â”â”â”â”â”â”â”â”â”â”â”â”â”â”â”â”â”â”â”â”â”â”â”â”â”â”â”â”â”â”â”›(B[m                                                                                         

                                                                                                          [31mSession 1 of 4(B[m                                                                                                          

                                                                                                              [33mWorking(B[m                                                                                                              

                                                                                                       [35mKeep pushing forward!(B[m                                                                                                       

                   [32m ___  _____        ___   ___  (B[m                   
                   [32m|__ \| ____|  _   / _ \ / _ \ (B[m                   
                   [32m   ) | |__   (_) | | | | | | |(B[m                   
                   [32m  / /|___ \      | | | | | | |(B[m                   
                   [32m / /_ ___) |  _  | |_| | |_| |(B[m                   
                   [32m|____|____/  (_)  \___/ \___/ (B[m                   
                   [32m                              (B[m                   
                   [32m                              (B[m                   

                                                                                         [36mâ”â”â”â”â”â”â”â”â”â”â”â”â”â”â”â”â”â”â”â”â”â”â”â”â”â”â”â”â”â”â”â”â”â”â”â”â”â”â”â”â”â”â”â”â”â”â”â”â”“(B[m                                                                                         
                                                                                         [36mâ”ƒ     P: Pause  |  R: Restart  |  Q: Quit      â”ƒ(B[m                                                                                         
                                                                                         [36mâ”—â”â”â”â”â”â”â”â”â”â”â”â”â”â”â”â”â”â”â”â”â”â”â”â”â”â”â”â”â”â”â”â”â”â”â”â”â”â”â”â”â”â”â”â”â”â”â”â”›(B[m                                                                                         
